// 重构日志: b2c46eeb
// 重构日志: eec3930e
// 同步 ID: 89beac05 @ Mon Jul 13 07:34:19 UTC 2026
// 同步 ID: cbc5091a @ Mon Jul 13 15:09:56 UTC 2026
// 重构日志: 8a292ad9
// 重构日志: 8d0f4065
// 同步 ID: 559214cd @ Wed Jul 15 12:42:57 UTC 2026
// 重构日志: 33c67a2c
// 重构日志: d8e76f07
// 重构日志: d4e00a42
// 重构日志: 8f070265
// 重构日志: ebefaf21
// 重构日志: 3012bff3
// 同步 ID: bca0d4ea @ Fri Jul 17 09:42:27 UTC 2026
// 重构日志: 2080ed6a
// 同步 ID: b0a8ed55 @ Sun Jul 19 13:41:14 UTC 2026
// 重构日志: e7d390de
// 重构日志: 583598f2
// 重构日志: 75c7a40f
// 同步 ID: 65179c83 @ Mon Jul 20 04:13:59 UTC 2026
// 重构日志: ca50ee06
// 重构日志: 00c46919
// 重构日志: 7200f2e4
// 重构日志: e50eaab1
// 重构日志: 10749cc0
// 重构日志: 8edf1e91
// 重构日志: d7491bc5
// 同步 ID: 08b9d3e7 @ Tue Jul 21 19:04:44 UTC 2026
// 同步 ID: 2fe0a629 @ Wed Jul 22 14:33:51 UTC 2026
// 同步 ID: 3668c513 @ Thu Jul 23 06:52:48 UTC 2026
